<?xml version="1.0" encoding="UTF-8"?>
<!-- Generated by org.testng.reporters.JUnitReportReporter -->
<testsuite hostname="DESKTOP-SEAN65I" name="ExcelDemo.DataproviderDemo" tests="2" failures="0" timestamp="17 Oct 2017 11:03:47 GMT" time="59.201" errors="1">
  <testcase name="facebook" time="46.383" classname="ExcelDemo.DataproviderDemo">
    <error type="org.openqa.selenium.WebDriverException" message="Failed to connect to binary FirefoxBinary(C:\Program Files (x86)\Mozilla Firefox\firefox.exe) on port 7056; process output follows: 
&quot;:1504885518877,&quot;applyBackgroundUpdates&quot;:1,&quot;skinnable&quot;:true,&quot;size&quot;:24172,&quot;sourceURI&quot;:null,&quot;releaseNotesURI&quot;:null,&quot;softDisabled&quot;:false,&quot;foreignInstall&quot;:false,&quot;hasBinaryComponents&quot;:false,&quot;strictCompatibility&quot;:true,&quot;locales&quot;:[],&quot;targetApplications&quot;:[{&quot;id&quot;:&quot;{ec8030f7-c20a-464f-9b0e-13a3a9e97384}&quot;,&quot;minVersion&quot;:&quot;44.0.2&quot;,&quot;maxVersion&quot;:&quot;44.0.2&quot;}],&quot;targetPlatforms&quot;:[]}
1508238182206	addons.xpi	DEBUG	getModTime: Recursive scan of {972ce4c6-7e08-4474-a285-3208198ce6fd}
1508238182210	DeferredSave.extensions.json	DEBUG	Save changes
1508238182210	addons.xpi	DEBUG	Updating database with changes to installed add-ons
1508238182210	addons.xpi-utils	DEBUG	Updating add-on states
1508238182214	addons.xpi-utils	DEBUG	Writing add-ons list
1508238182236	addons.manager	DEBUG	Registering shutdown blocker for XPIProvider
1508238182236	addons.manager	DEBUG	Provider finished startup: XPIProvider
1508238182236	addons.manager	DEBUG	Starting provider: LightweightThemeManager
1508238182236	addons.manager	DEBUG	Registering shutdown blocker for LightweightThemeManager
1508238182236	addons.manager	DEBUG	Provider finished startup: LightweightThemeManager
1508238182237	addons.manager	DEBUG	Starting provider: GMPProvider
1508238182251	addons.manager	DEBUG	Registering shutdown blocker for GMPProvider
1508238182251	addons.manager	DEBUG	Provider finished startup: GMPProvider
1508238182251	addons.manager	DEBUG	Starting provider: PluginProvider
1508238182251	addons.manager	DEBUG	Registering shutdown blocker for PluginProvider
1508238182252	addons.manager	DEBUG	Provider finished startup: PluginProvider
1508238182252	addons.manager	DEBUG	Completed startup sequence
1508238184007	addons.manager	DEBUG	Starting provider: &lt;unnamed-provider&gt;
1508238184007	addons.manager	DEBUG	Registering shutdown blocker for &lt;unnamed-provider&gt;
1508238184008	addons.manager	DEBUG	Provider finished startup: &lt;unnamed-provider&gt;
1508238184970	DeferredSave.extensions.json	DEBUG	Starting write
1508238185474	addons.repository	DEBUG	No addons.json found.
1508238185475	DeferredSave.addons.json	DEBUG	Save changes
1508238185480	DeferredSave.addons.json	DEBUG	Starting timer
1508238185499	addons.manager	DEBUG	Starting provider: PreviousExperimentProvider
1508238185500	addons.manager	DEBUG	Registering shutdown blocker for PreviousExperimentProvider
1508238185500	addons.manager	DEBUG	Provider finished startup: PreviousExperimentProvider
1508238185505	DeferredSave.extensions.json	DEBUG	Write succeeded
1508238185506	addons.xpi-utils	DEBUG	XPI Database saved, setting schema version preference to 17
1508238185539	DeferredSave.addons.json	DEBUG	Starting write
1508238185553	DeferredSave.addons.json	DEBUG	Write succeeded
JavaScript error: chrome://fxdriver/content/server.js, line 61: uncaught exception: [object Object]
JavaScript error: chrome://fxdriver/content/server.js, line 61: NS_ERROR_XPC_CI_RETURNED_FAILURE: Component returned failure code: 0x80570015 (NS_ERROR_XPC_CI_RETURNED_FAILURE) [nsIJSCID.createInstance]
console.error: 
  Could not write session state file 
  Message: Win error 32 during operation move on file C:\Users\INFO_O~1\AppData\Local\Temp\anonymous2290659357124019466webdriver-profile\sessionstore-backups\recovery.js.tmp (The process cannot access the file because it is being used by another process.
)
  
1508238221099	addons.manager	DEBUG	shutdown
1508238221099	addons.manager	DEBUG	Calling shutdown blocker for XPIProvider
1508238221100	addons.xpi	DEBUG	shutdown
1508238221100	addons.xpi-utils	DEBUG	shutdown
1508238221101	addons.manager	DEBUG	Calling shutdown blocker for LightweightThemeManager
1508238221101	addons.manager	DEBUG	Calling shutdown blocker for GMPProvider
1508238221103	addons.manager	DEBUG	Calling shutdown blocker for PluginProvider
1508238221104	addons.manager	DEBUG	Calling shutdown blocker for &lt;unnamed-provider&gt;
1508238221105	addons.manager	DEBUG	Calling shutdown blocker for PreviousExperimentProvider
1508238221109	addons.xpi	DEBUG	Notifying XPI shutdown observers
1508238221114	addons.manager	DEBUG	Async provider shutdown done

Build info: version: &#039;2.53.0&#039;, revision: &#039;35ae25b&#039;, time: &#039;2016-03-15 17:00:58&#039;
System info: host: &#039;DESKTOP-SEAN65I&#039;, ip: &#039;192.168.1.7&#039;, os.name: &#039;Windows 10&#039;, os.arch: &#039;amd64&#039;, os.version: &#039;10.0&#039;, java.version: &#039;1.8.0_102&#039;
Driver info: driver.version: FirefoxDriver">
      <![CDATA[org.openqa.selenium.WebDriverException: Failed to connect to binary FirefoxBinary(C:\Program Files (x86)\Mozilla Firefox\firefox.exe) on port 7056; process output follows: 
":1504885518877,"applyBackgroundUpdates":1,"skinnable":true,"size":24172,"sourceURI":null,"releaseNotesURI":null,"softDisabled":false,"foreignInstall":false,"hasBinaryComponents":false,"strictCompatibility":true,"locales":[],"targetApplications":[{"id":"{ec8030f7-c20a-464f-9b0e-13a3a9e97384}","minVersion":"44.0.2","maxVersion":"44.0.2"}],"targetPlatforms":[]}
1508238182206	addons.xpi	DEBUG	getModTime: Recursive scan of {972ce4c6-7e08-4474-a285-3208198ce6fd}
1508238182210	DeferredSave.extensions.json	DEBUG	Save changes
1508238182210	addons.xpi	DEBUG	Updating database with changes to installed add-ons
1508238182210	addons.xpi-utils	DEBUG	Updating add-on states
1508238182214	addons.xpi-utils	DEBUG	Writing add-ons list
1508238182236	addons.manager	DEBUG	Registering shutdown blocker for XPIProvider
1508238182236	addons.manager	DEBUG	Provider finished startup: XPIProvider
1508238182236	addons.manager	DEBUG	Starting provider: LightweightThemeManager
1508238182236	addons.manager	DEBUG	Registering shutdown blocker for LightweightThemeManager
1508238182236	addons.manager	DEBUG	Provider finished startup: LightweightThemeManager
1508238182237	addons.manager	DEBUG	Starting provider: GMPProvider
1508238182251	addons.manager	DEBUG	Registering shutdown blocker for GMPProvider
1508238182251	addons.manager	DEBUG	Provider finished startup: GMPProvider
1508238182251	addons.manager	DEBUG	Starting provider: PluginProvider
1508238182251	addons.manager	DEBUG	Registering shutdown blocker for PluginProvider
1508238182252	addons.manager	DEBUG	Provider finished startup: PluginProvider
1508238182252	addons.manager	DEBUG	Completed startup sequence
1508238184007	addons.manager	DEBUG	Starting provider: <unnamed-provider>
1508238184007	addons.manager	DEBUG	Registering shutdown blocker for <unnamed-provider>
1508238184008	addons.manager	DEBUG	Provider finished startup: <unnamed-provider>
1508238184970	DeferredSave.extensions.json	DEBUG	Starting write
1508238185474	addons.repository	DEBUG	No addons.json found.
1508238185475	DeferredSave.addons.json	DEBUG	Save changes
1508238185480	DeferredSave.addons.json	DEBUG	Starting timer
1508238185499	addons.manager	DEBUG	Starting provider: PreviousExperimentProvider
1508238185500	addons.manager	DEBUG	Registering shutdown blocker for PreviousExperimentProvider
1508238185500	addons.manager	DEBUG	Provider finished startup: PreviousExperimentProvider
1508238185505	DeferredSave.extensions.json	DEBUG	Write succeeded
1508238185506	addons.xpi-utils	DEBUG	XPI Database saved, setting schema version preference to 17
1508238185539	DeferredSave.addons.json	DEBUG	Starting write
1508238185553	DeferredSave.addons.json	DEBUG	Write succeeded
JavaScript error: chrome://fxdriver/content/server.js, line 61: uncaught exception: [object Object]
JavaScript error: chrome://fxdriver/content/server.js, line 61: NS_ERROR_XPC_CI_RETURNED_FAILURE: Component returned failure code: 0x80570015 (NS_ERROR_XPC_CI_RETURNED_FAILURE) [nsIJSCID.createInstance]
console.error: 
  Could not write session state file 
  Message: Win error 32 during operation move on file C:\Users\INFO_O~1\AppData\Local\Temp\anonymous2290659357124019466webdriver-profile\sessionstore-backups\recovery.js.tmp (The process cannot access the file because it is being used by another process.
)
  
1508238221099	addons.manager	DEBUG	shutdown
1508238221099	addons.manager	DEBUG	Calling shutdown blocker for XPIProvider
1508238221100	addons.xpi	DEBUG	shutdown
1508238221100	addons.xpi-utils	DEBUG	shutdown
1508238221101	addons.manager	DEBUG	Calling shutdown blocker for LightweightThemeManager
1508238221101	addons.manager	DEBUG	Calling shutdown blocker for GMPProvider
1508238221103	addons.manager	DEBUG	Calling shutdown blocker for PluginProvider
1508238221104	addons.manager	DEBUG	Calling shutdown blocker for <unnamed-provider>
1508238221105	addons.manager	DEBUG	Calling shutdown blocker for PreviousExperimentProvider
1508238221109	addons.xpi	DEBUG	Notifying XPI shutdown observers
1508238221114	addons.manager	DEBUG	Async provider shutdown done

Build info: version: '2.53.0', revision: '35ae25b', time: '2016-03-15 17:00:58'
System info: host: 'DESKTOP-SEAN65I', ip: '192.168.1.7', os.name: 'Windows 10', os.arch: 'amd64', os.version: '10.0', java.version: '1.8.0_102'
Driver info: driver.version: FirefoxDriver
	at org.openqa.selenium.firefox.internal.NewProfileExtensionConnection.start(NewProfileExtensionConnection.java:124)
	at org.openqa.selenium.firefox.FirefoxDriver.startClient(FirefoxDriver.java:271)
	at org.openqa.selenium.remote.RemoteWebDriver.<init>(RemoteWebDriver.java:119)
	at org.openqa.selenium.firefox.FirefoxDriver.<init>(FirefoxDriver.java:218)
	at org.openqa.selenium.firefox.FirefoxDriver.<init>(FirefoxDriver.java:211)
	at org.openqa.selenium.firefox.FirefoxDriver.<init>(FirefoxDriver.java:207)
	at org.openqa.selenium.firefox.FirefoxDriver.<init>(FirefoxDriver.java:120)
	at ExcelDemo.DataproviderDemo.facebook(DataproviderDemo.java:16)
	at sun.reflect.NativeMethodAccessorImpl.invoke0(Native Method)
	at sun.reflect.NativeMethodAccessorImpl.invoke(Unknown Source)
	at sun.reflect.DelegatingMethodAccessorImpl.invoke(Unknown Source)
	at java.lang.reflect.Method.invoke(Unknown Source)
	at org.testng.internal.MethodInvocationHelper.invokeMethod(MethodInvocationHelper.java:85)
	at org.testng.internal.Invoker.invokeMethod(Invoker.java:639)
	at org.testng.internal.Invoker.invokeTestMethod(Invoker.java:816)
	at org.testng.internal.Invoker.invokeTestMethods(Invoker.java:1124)
	at org.testng.internal.TestMethodWorker.invokeTestMethods(TestMethodWorker.java:125)
	at org.testng.internal.TestMethodWorker.run(TestMethodWorker.java:108)
	at org.testng.TestRunner.privateRun(TestRunner.java:774)
	at org.testng.TestRunner.run(TestRunner.java:624)
	at org.testng.SuiteRunner.runTest(SuiteRunner.java:359)
	at org.testng.SuiteRunner.runSequentially(SuiteRunner.java:354)
	at org.testng.SuiteRunner.privateRun(SuiteRunner.java:312)
	at org.testng.SuiteRunner.run(SuiteRunner.java:261)
	at org.testng.SuiteRunnerWorker.runSuite(SuiteRunnerWorker.java:52)
	at org.testng.SuiteRunnerWorker.run(SuiteRunnerWorker.java:86)
	at org.testng.TestNG.runSuitesSequentially(TestNG.java:1215)
	at org.testng.TestNG.runSuitesLocally(TestNG.java:1140)
	at org.testng.TestNG.run(TestNG.java:1048)
	at org.testng.remote.AbstractRemoteTestNG.run(AbstractRemoteTestNG.java:132)
	at org.testng.remote.RemoteTestNG.initAndRun(RemoteTestNG.java:230)
	at org.testng.remote.RemoteTestNG.main(RemoteTestNG.java:76)
Caused by: org.openqa.selenium.firefox.NotConnectedException: Unable to connect to host 127.0.0.1 on port 7056 after 45000 ms. Firefox console output:
":1504885518877,"applyBackgroundUpdates":1,"skinnable":true,"size":24172,"sourceURI":null,"releaseNotesURI":null,"softDisabled":false,"foreignInstall":false,"hasBinaryComponents":false,"strictCompatibility":true,"locales":[],"targetApplications":[{"id":"{ec8030f7-c20a-464f-9b0e-13a3a9e97384}","minVersion":"44.0.2","maxVersion":"44.0.2"}],"targetPlatforms":[]}
1508238182206	addons.xpi	DEBUG	getModTime: Recursive scan of {972ce4c6-7e08-4474-a285-3208198ce6fd}
1508238182210	DeferredSave.extensions.json	DEBUG	Save changes
1508238182210	addons.xpi	DEBUG	Updating database with changes to installed add-ons
1508238182210	addons.xpi-utils	DEBUG	Updating add-on states
1508238182214	addons.xpi-utils	DEBUG	Writing add-ons list
1508238182236	addons.manager	DEBUG	Registering shutdown blocker for XPIProvider
1508238182236	addons.manager	DEBUG	Provider finished startup: XPIProvider
1508238182236	addons.manager	DEBUG	Starting provider: LightweightThemeManager
1508238182236	addons.manager	DEBUG	Registering shutdown blocker for LightweightThemeManager
1508238182236	addons.manager	DEBUG	Provider finished startup: LightweightThemeManager
1508238182237	addons.manager	DEBUG	Starting provider: GMPProvider
1508238182251	addons.manager	DEBUG	Registering shutdown blocker for GMPProvider
1508238182251	addons.manager	DEBUG	Provider finished startup: GMPProvider
1508238182251	addons.manager	DEBUG	Starting provider: PluginProvider
1508238182251	addons.manager	DEBUG	Registering shutdown blocker for PluginProvider
1508238182252	addons.manager	DEBUG	Provider finished startup: PluginProvider
1508238182252	addons.manager	DEBUG	Completed startup sequence
1508238184007	addons.manager	DEBUG	Starting provider: <unnamed-provider>
1508238184007	addons.manager	DEBUG	Registering shutdown blocker for <unnamed-provider>
1508238184008	addons.manager	DEBUG	Provider finished startup: <unnamed-provider>
1508238184970	DeferredSave.extensions.json	DEBUG	Starting write
1508238185474	addons.repository	DEBUG	No addons.json found.
1508238185475	DeferredSave.addons.json	DEBUG	Save changes
1508238185480	DeferredSave.addons.json	DEBUG	Starting timer
1508238185499	addons.manager	DEBUG	Starting provider: PreviousExperimentProvider
1508238185500	addons.manager	DEBUG	Registering shutdown blocker for PreviousExperimentProvider
1508238185500	addons.manager	DEBUG	Provider finished startup: PreviousExperimentProvider
1508238185505	DeferredSave.extensions.json	DEBUG	Write succeeded
1508238185506	addons.xpi-utils	DEBUG	XPI Database saved, setting schema version preference to 17
1508238185539	DeferredSave.addons.json	DEBUG	Starting write
1508238185553	DeferredSave.addons.json	DEBUG	Write succeeded
JavaScript error: chrome://fxdriver/content/server.js, line 61: uncaught exception: [object Object]
JavaScript error: chrome://fxdriver/content/server.js, line 61: NS_ERROR_XPC_CI_RETURNED_FAILURE: Component returned failure code: 0x80570015 (NS_ERROR_XPC_CI_RETURNED_FAILURE) [nsIJSCID.createInstance]
console.error: 
  Could not write session state file 
  Message: Win error 32 during operation move on file C:\Users\INFO_O~1\AppData\Local\Temp\anonymous2290659357124019466webdriver-profile\sessionstore-backups\recovery.js.tmp (The process cannot access the file because it is being used by another process.
)
  
1508238221099	addons.manager	DEBUG	shutdown
1508238221099	addons.manager	DEBUG	Calling shutdown blocker for XPIProvider
1508238221100	addons.xpi	DEBUG	shutdown
1508238221100	addons.xpi-utils	DEBUG	shutdown
1508238221101	addons.manager	DEBUG	Calling shutdown blocker for LightweightThemeManager
1508238221101	addons.manager	DEBUG	Calling shutdown blocker for GMPProvider
1508238221103	addons.manager	DEBUG	Calling shutdown blocker for PluginProvider
1508238221104	addons.manager	DEBUG	Calling shutdown blocker for <unnamed-provider>
1508238221105	addons.manager	DEBUG	Calling shutdown blocker for PreviousExperimentProvider
1508238221109	addons.xpi	DEBUG	Notifying XPI shutdown observers
1508238221114	addons.manager	DEBUG	Async provider shutdown done

	at org.openqa.selenium.firefox.internal.NewProfileExtensionConnection.start(NewProfileExtensionConnection.java:112)
	... 31 more
]]>
    </error>
  </testcase> <!-- facebook -->
  <testcase name="facebook" time="12.818" classname="ExcelDemo.DataproviderDemo"/>
</testsuite> <!-- ExcelDemo.DataproviderDemo -->
