<?xml version="1.0" encoding="UTF-8"?>
<!-- Generated by org.testng.reporters.JUnitReportReporter -->
<testsuite hostname="DESKTOP-SEAN65I" name="LoginExcel.PrintExcelDemo" tests="1" failures="0" timestamp="30 Oct 2017 09:28:59 GMT" time="0.924" errors="0">
  <testcase name="exceldata" time="0.924" classname="LoginExcel.PrintExcelDemo"/>
</testsuite> <!-- LoginExcel.PrintExcelDemo -->
